{"/home/penley/projects/next-fastapi-starter/apps/web/next.config.js": {"path":"/home/penley/projects/next-fastapi-starter/apps/web/next.config.js","statementMap":{"0":{"start":{"line":2,"column":19},"end":{"line":2,"column":21}}},"fnMap":{},"branchMap":{},"s":{"0":0},"f":{},"b":{}}
,"/home/penley/projects/next-fastapi-starter/apps/web/vitest.setup.ts": {"path":"/home/penley/projects/next-fastapi-starter/apps/web/vitest.setup.ts","statementMap":{"0":{"start":{"line":4,"column":0},"end":{"line":4,"column":null}}},"fnMap":{},"branchMap":{},"s":{"0":0},"f":{},"b":{}}
,"/home/penley/projects/next-fastapi-starter/apps/web/app/layout.tsx": {"path":"/home/penley/projects/next-fastapi-starter/apps/web/app/layout.tsx","statementMap":{"0":{"start":{"line":6,"column":18},"end":{"line":9,"column":null}},"1":{"start":{"line":10,"column":18},"end":{"line":13,"column":null}},"2":{"start":{"line":15,"column":34},"end":{"line":18,"column":null}},"3":{"start":{"line":25,"column":2},"end":{"line":30,"column":null}}},"fnMap":{"0":{"name":"RootLayout","decl":{"start":{"line":20,"column":24},"end":{"line":20,"column":35}},"loc":{"start":{"line":24,"column":4},"end":{"line":32,"column":null}}}},"branchMap":{},"s":{"0":0,"1":0,"2":0,"3":0},"f":{"0":0},"b":{}}
,"/home/penley/projects/next-fastapi-starter/apps/web/app/page.tsx": {"path":"/home/penley/projects/next-fastapi-starter/apps/web/app/page.tsx","statementMap":{"0":{"start":{"line":4,"column":2},"end":{"line":7,"column":null}}},"fnMap":{"0":{"name":"Home","decl":{"start":{"line":3,"column":24},"end":{"line":3,"column":31}},"loc":{"start":{"line":3,"column":31},"end":{"line":9,"column":null}}}},"branchMap":{},"s":{"0":1},"f":{"0":1},"b":{}}
}
